#
# There is insufficient memory for the Java Runtime Environment to continue.
# Native memory allocation (malloc) failed to allocate 1048576 bytes for AllocateHeap
# Possible reasons:
#   The system is out of physical RAM or swap space
#   The process is running with CompressedOops enabled, and the Java Heap may be blocking the growth of the native heap
# Possible solutions:
#   Reduce memory load on the system
#   Increase physical memory or swap space
#   Check if swap backing store is full
#   Decrease Java heap size (-Xmx/-Xms)
#   Decrease number of Java threads
#   Decrease Java thread stack sizes (-Xss)
#   Set larger code cache with -XX:ReservedCodeCacheSize=
#   JVM is running with Unscaled Compressed Oops mode in which the Java heap is
#     placed in the first 4GB address space. The Java Heap base address is the
#     maximum limit for the native heap growth. Please use -XX:HeapBaseMinAddress
#     to set the Java Heap base and to place the Java Heap above 4GB virtual address.
# This output file may be truncated or incomplete.
#
#  Out of Memory Error (memory/allocation.inline.hpp:61), pid=14200, tid=0x0000000000000a64
#
# JRE version:  (8.0_202-b08) (build )
# Java VM: Java HotSpot(TM) 64-Bit Server VM (25.202-b08 mixed mode windows-amd64 compressed oops)
# Failed to write core dump. Minidumps are not enabled by default on client versions of Windows
#

---------------  T H R E A D  ---------------

Current thread (0x00000000033b1000):  JavaThread "Unknown thread" [_thread_in_vm, id=2660, stack(0x00000000032b0000,0x00000000033b0000)]

Stack: [0x00000000032b0000,0x00000000033b0000]
[error occurred during error reporting (printing stack bounds), id 0xc0000005]

Native frames: (J=compiled Java code, j=interpreted, Vv=VM code, C=native code)


---------------  P R O C E S S  ---------------

Java Threads: ( => current thread )

Other Threads:

=>0x00000000033b1000 (exited) JavaThread "Unknown thread" [_thread_in_vm, id=2660, stack(0x00000000032b0000,0x00000000033b0000)]

VM state:not at safepoint (normal execution)

VM Mutex/Monitor currently owned by a thread: None

heap address: 0x0000000083000000, size: 2000 MB, Compressed Oops mode: 32-bit
Narrow klass base: 0x0000000000000000, Narrow klass shift: 3
Compressed class space size: 1073741824 Address: 0x0000000100000000

Heap:
 PSYoungGen      total 37888K, used 655K [0x00000000d6580000, 0x00000000d8f80000, 0x0000000100000000)
  eden space 32768K, 2% used [0x00000000d6580000,0x00000000d6623d80,0x00000000d8580000)
  from space 5120K, 0% used [0x00000000d8a80000,0x00000000d8a80000,0x00000000d8f80000)
  to   space 5120K, 0% used [0x00000000d8580000,0x00000000d8580000,0x00000000d8a80000)
 ParOldGen       total 86016K, used 0K [0x0000000083000000, 0x0000000088400000, 0x00000000d6580000)
  object space 86016K, 0% used [0x0000000083000000,0x0000000083000000,0x0000000088400000)
 Metaspace       used 775K, capacity 4480K, committed 4480K, reserved 1056768K
  class space    used 76K, capacity 384K, committed 384K, reserved 1048576K

Card table byte_map: [0x0000000012870000,0x0000000012c60000] byte_map_base: 0x0000000012458000

Marking Bits: (ParMarkBitMap*) 0x00000000733e5ce0
 Begin Bits: [0x0000000013700000, 0x0000000015640000)
 End Bits:   [0x0000000015640000, 0x0000000017580000)

Polling page: 0x0000000003110000

CodeCache: size=245760Kb used=328Kb max_used=328Kb free=245431Kb
 bounds [0x00000000034b0000, 0x0000000003720000, 0x00000000124b0000]
 total_blobs=58 nmethods=0 adapters=38
 compilation: enabled

Compilation events (0 events):
No events

GC Heap History (0 events):
No events

Deoptimization events (0 events):
No events

Classes redefined (0 events):
No events

Internal exceptions (0 events):
No events

Events (10 events):
Event: 0.029 loading class java/lang/Short
Event: 0.029 loading class java/lang/Short done
Event: 0.029 loading class java/lang/Integer
Event: 0.029 loading class java/lang/Integer done
Event: 0.029 loading class java/lang/Long
Event: 0.029 loading class java/lang/Long done
Event: 0.029 loading class java/lang/NullPointerException
Event: 0.030 loading class java/lang/NullPointerException done
Event: 0.030 loading class java/lang/ArithmeticException
Event: 0.030 loading class java/lang/ArithmeticException done


Dynamic libraries:
0x00007ff718e40000 - 0x00007ff718e77000 	C:\Program Files\Java\jdk1.8.0_202\jre\bin\java.exe
0x00007ffd47700000 - 0x00007ffd47963000 	C:\WINDOWS\SYSTEM32\ntdll.dll
0x00007ffd46a50000 - 0x00007ffd46b18000 	C:\WINDOWS\System32\KERNEL32.DLL
0x00007ffd45050000 - 0x00007ffd45402000 	C:\WINDOWS\System32\KERNELBASE.dll
0x00007ffd47390000 - 0x00007ffd47444000 	C:\WINDOWS\System32\ADVAPI32.dll
0x00007ffd469a0000 - 0x00007ffd46a49000 	C:\WINDOWS\System32\msvcrt.dll
0x00007ffd45a90000 - 0x00007ffd45b36000 	C:\WINDOWS\System32\sechost.dll
0x00007ffd47450000 - 0x00007ffd47566000 	C:\WINDOWS\System32\RPCRT4.dll
0x00007ffd458c0000 - 0x00007ffd45a88000 	C:\WINDOWS\System32\USER32.dll
0x00007ffd44ec0000 - 0x00007ffd44ee7000 	C:\WINDOWS\System32\win32u.dll
0x00007ffd472b0000 - 0x00007ffd472da000 	C:\WINDOWS\System32\GDI32.dll
0x00007ffd44c10000 - 0x00007ffd44d3b000 	C:\WINDOWS\System32\gdi32full.dll
0x00007ffd44ad0000 - 0x00007ffd44b73000 	C:\WINDOWS\System32\msvcp_win.dll
0x00007ffd45410000 - 0x00007ffd4555b000 	C:\WINDOWS\System32\ucrtbase.dll
0x00007ffd27ad0000 - 0x00007ffd27d60000 	C:\WINDOWS\WinSxS\amd64_microsoft.windows.common-controls_6595b64144ccf1df_6.0.26100.2454_none_3e0b68a2e331ad60\COMCTL32.dll
0x00007ffd45630000 - 0x00007ffd4565f000 	C:\WINDOWS\System32\IMM32.DLL
0x0000000074ba0000 - 0x0000000074c72000 	C:\Program Files\Java\jdk1.8.0_202\jre\bin\msvcr100.dll
0x0000000072bc0000 - 0x0000000073465000 	C:\Program Files\Java\jdk1.8.0_202\jre\bin\server\jvm.dll
0x00007ffd455f0000 - 0x00007ffd455f8000 	C:\WINDOWS\System32\PSAPI.DLL
0x00007ffd33a90000 - 0x00007ffd33a9a000 	C:\WINDOWS\SYSTEM32\WSOCK32.dll
0x00007ffd2e590000 - 0x00007ffd2e5c6000 	C:\WINDOWS\SYSTEM32\WINMM.dll
0x00007ffd356f0000 - 0x00007ffd356fb000 	C:\WINDOWS\SYSTEM32\VERSION.dll
0x00007ffd47620000 - 0x00007ffd47694000 	C:\WINDOWS\System32\WS2_32.dll
0x00007ffd3d800000 - 0x00007ffd3d80f000 	C:\Program Files\Java\jdk1.8.0_202\jre\bin\verify.dll
0x00007ffd19000000 - 0x00007ffd19029000 	C:\Program Files\Java\jdk1.8.0_202\jre\bin\java.dll
0x00007ffd0fba0000 - 0x00007ffd0fbb6000 	C:\Program Files\Java\jdk1.8.0_202\jre\bin\zip.dll

VM Arguments:
java_command: <unknown>
java_class_path (initial): .
Launcher Type: SUN_STANDARD

Environment Variables:
PATH=C:\Program Files\Java\jdk1.8.0_202\bin;C:\Program Files (x86)\Common Files\Oracle\Java\javapath;C:\Program Files\Common Files\Oracle\Java\javapath;C:\Program Files (x86)\VMware\VMware Workstation\bin\;C:\WINDOWS\system32;C:\WINDOWS;C:\WINDOWS\System32\Wbem;C:\WINDOWS\System32\WindowsPowerShell\v1.0\;C:\WINDOWS\System32\OpenSSH\;C:\Program Files\NVIDIA Corporation\NVIDIA app\NvDLISR;C:\Program Files\Git\cmd;C:\Users\zezo9\AppData\Local\Programs\Python\Launcher\;C:\Users\zezo9\AppData\Local\Microsoft\WindowsApps;C:\Users\zezo9\AppData\Local\Programs\Microsoft VS Code\bin;C:\msys64\ucrt64\bin;C:\Users\zezo9\AppData\Local\GitHubDesktop\bin
USERNAME=Ziad
OS=Windows_NT
PROCESSOR_IDENTIFIER=Intel64 Family 6 Model 166 Stepping 0, GenuineIntel



---------------  S Y S T E M  ---------------

OS: Windows 10.0 , 64 bit Build 26100 (10.0.26100.2454)

CPU:total 8 (initial active 8) (4 cores per cpu, 2 threads per core) family 6 model 166 stepping 0, cmov, cx8, fxsr, mmx, sse, sse2, sse3, ssse3, sse4.1, sse4.2, popcnt, avx, avx2, aes, clmul, erms, 3dnowpref, lzcnt, ht, tsc, tscinvbit, bmi1, bmi2, adx

Memory: 4k page, physical 8188916k(2009856k free), swap 10286068k(6864k free)

vm_info: Java HotSpot(TM) 64-Bit Server VM (25.202-b08) for windows-amd64 JRE (1.8.0_202-b08), built on Dec 15 2018 19:54:30 by "java_re" with MS VC++ 10.0 (VS2010)

time: Thu Jan 16 13:18:14 2025
timezone: Egypt Standard Time
elapsed time: 1 seconds (0d 0h 0m 1s)

